simple-crop-image-libold/build/outputs/logs/manifest-merger-debug-report.txt
-- Merging decision tree log ---
manifest
ADDED from REST\simple-crop-image-libold\AndroidManifest.xml:2:1-7:12
INJECTED from REST\simple-crop-image-libold\AndroidManifest.xml:2:1-7:12
INJECTED from REST\simple-crop-image-libold\AndroidManifest.xml:2:1-7:12
INJECTED from REST\simple-crop-image-libold\AndroidManifest.xml:2:1-7:12
INJECTED from REST\simple-crop-image-libold\AndroidManifest.xml:2:1-7:12
INJECTED from REST\simple-crop-image-libold\AndroidManifest.xml:2:1-7:12
INJECTED from REST\simple-crop-image-libold\AndroidManifest.xml:2:1-7:12
	package
		ADDED from REST\simple-crop-image-libold\AndroidManifest.xml:3:5-51
		INJECTED from REST\simple-crop-image-libold\AndroidManifest.xml
		INJECTED from REST\simple-crop-image-libold\AndroidManifest.xml
	android:versionName
		ADDED from REST\simple-crop-image-libold\AndroidManifest.xml:5:5-30
		INJECTED from REST\simple-crop-image-libold\AndroidManifest.xml
		INJECTED from REST\simple-crop-image-libold\AndroidManifest.xml
	xmlns:android
		ADDED from REST\simple-crop-image-libold\AndroidManifest.xml:2:11-69
	android:versionCode
		ADDED from REST\simple-crop-image-libold\AndroidManifest.xml:4:5-28
		INJECTED from REST\simple-crop-image-libold\AndroidManifest.xml
		INJECTED from REST\simple-crop-image-libold\AndroidManifest.xml